<?xml version="1.0" encoding="UTF-8"?>
<coverage generated="1691743511441" clover="3.2.0">
  <project timestamp="1691743511441" name="All files">
    <metrics statements="9" coveredstatements="8" conditionals="2" coveredconditionals="1" methods="2" coveredmethods="1" elements="13" coveredelements="10" complexity="0" loc="9" ncloc="9" packages="1" files="2" classes="2"/>
    <file name="db.js" path="/home/rawda/Dev/Socialize/backend/src/utils/db.js">
      <metrics statements="8" coveredstatements="7" conditionals="2" coveredconditionals="1" methods="2" coveredmethods="1"/>
      <line num="3" count="1" type="stmt"/>
      <line num="4" count="1" type="cond" truecount="1" falsecount="1"/>
      <line num="5" count="1" type="stmt"/>
      <line num="6" count="1" type="stmt"/>
      <line num="10" count="1" type="stmt"/>
      <line num="11" count="1" type="stmt"/>
      <line num="12" count="1" type="stmt"/>
      <line num="13" count="0" type="stmt"/>
    </file>
    <file name="dbSettings.js" path="/home/rawda/Dev/Socialize/backend/src/utils/dbSettings.js">
      <metrics statements="1" coveredstatements="1" conditionals="0" coveredconditionals="0" methods="0" coveredmethods="0"/>
      <line num="3" count="1" type="stmt"/>
    </file>
  </project>
</coverage>
